<?xml version="1.0" encoding="UTF-8"?>
<!-- Generated by org.testng.reporters.JUnitReportReporter -->
<testsuite hostname="NTS-SuwarnaJ" failures="0" tests="1" name="Demo.Demo.AppTest" time="39.062" errors="0" timestamp="2021-11-29T16:08:36 IST" skipped="0">
  <testcase classname="Demo.Demo.AppTest" name="test" time="39.062"/>
  <system-out/>
</testsuite> <!-- Demo.Demo.AppTest -->
